c:\users\admin\source\repos\project1c++\project1c++\x64\debug\vc143.pdb
c:\users\admin\source\repos\project1c++\project1c++\x64\debug\vc143.idb
c:\users\admin\source\repos\project1c++\project1c++\x64\debug\multipleimagewindow.obj
c:\users\admin\source\repos\project1c++\project1c++\x64\debug\main.obj
c:\users\admin\source\repos\project1c++\project1c++\x64\debug\test2.obj
c:\users\admin\source\repos\project1c++\project1c++\x64\debug\test3.obj
c:\users\admin\source\repos\project1c++\project1c++\x64\debug\test1.obj
c:\users\admin\source\repos\project1c++\project1c++\x64\debug\source1.obj
c:\users\admin\source\repos\project1c++\project1c++\x64\debug\tesr4.obj
c:\users\admin\source\repos\project1c++\project1c++\x64\debug\sourcetext.obj
c:\users\admin\source\repos\project1c++\x64\debug\project1c++.exe
c:\users\admin\source\repos\project1c++\x64\debug\project1c++.pdb
c:\users\admin\source\repos\project1c++\project1c++\x64\debug\project1c++.ilk
c:\users\admin\source\repos\project1c++\project1c++\x64\debug\multp~1.obj
c:\users\admin\source\repos\project1c++\project1c++\x64\debug\sourcetext.obj.enc
c:\users\admin\source\repos\project1c++\project1c++\x64\debug\project1c++.tlog\cl.command.1.tlog
c:\users\admin\source\repos\project1c++\project1c++\x64\debug\project1c++.tlog\cl.items.tlog
c:\users\admin\source\repos\project1c++\project1c++\x64\debug\project1c++.tlog\cl.read.1.tlog
c:\users\admin\source\repos\project1c++\project1c++\x64\debug\project1c++.tlog\cl.write.1.tlog
c:\users\admin\source\repos\project1c++\project1c++\x64\debug\project1c++.tlog\link.command.1.tlog
c:\users\admin\source\repos\project1c++\project1c++\x64\debug\project1c++.tlog\link.read.1.tlog
c:\users\admin\source\repos\project1c++\project1c++\x64\debug\project1c++.tlog\link.secondary.1.tlog
c:\users\admin\source\repos\project1c++\project1c++\x64\debug\project1c++.tlog\link.write.1.tlog
